<?xml version="1.0" encoding="UTF-8" ?>
<testsuite tests="18" failures="0" name="RunCukeTest" time="37.522" errors="4" skipped="1">
  <properties>
[...]
</properties>
  <testcase classname="| Ramada | London | Rob | 01234567890 | ramada@london.com |" name="Given that I am at \&quot;http:\/\/localhost:3003\/\&quot;" time="0.001"/>
  <testcase classname="| Ramada | London | Rob | 01234567890 | ramada@london.com |" name="And that I have logged in as an \&quot;admin\&quot; with password \&quot;password\&quot;" time="0"/>
  <testcase classname="| Ramada | London | Rob | 01234567890 | ramada@london.com |" name="When I create a new hotel with \&quot;Ramada\&quot;\u002C\&quot;London\&quot;\u002C\&quot;Rob\&quot;\u002C\&quot;01234567890\&quot;\u002C\&quot;ramada@london.com\&quot;" time="0"/>
  <testcase classname="| Ramada | London | Rob | 01234567890 | ramada@london.com |" name="Then I should see hotel \&quot;Ramada\&quot; created successfully" time="0"/>
  <testcase classname="| Ramada | London | Rob | 01234567890 | ramada@london.com |" name="Then I delete a hotel with name \&quot;Ramada\&quot;" time="0"/>
  <testcase classname="| Ramada | London | Rob | 01234567890 | ramada@london.com |" name="| Ramada | London | Rob | 01234567890 | ramada@london.com |" time="0.088"/>
  <testcase classname="| Novotel | London | Mat | 01234567891 | novotel@london.com |" name="Given that I am at \&quot;http:\/\/localhost:3003\/\&quot;" time="0"/>
  <testcase classname="| Novotel | London | Mat | 01234567891 | novotel@london.com |" name="And that I have logged in as an \&quot;admin\&quot; with password \&quot;password\&quot;" time="0"/>
  <testcase classname="| Novotel | London | Mat | 01234567891 | novotel@london.com |" name="When I create a new hotel with \&quot;Novotel\&quot;\u002C\&quot;London\&quot;\u002C\&quot;Mat\&quot;\u002C\&quot;01234567891\&quot;\u002C\&quot;novotel@london.com\&quot;" time="0"/>
  <testcase classname="| Novotel | London | Mat | 01234567891 | novotel@london.com |" name="Then I should see hotel \&quot;Novotel\&quot; created successfully" time="0.004">
    <error message="Element not found in the cache - perhaps the page has changed since it was looked up
Command duration or timeout: 10.21 seconds
For documentation on this error, please visit: http://seleniumhq.org/exceptions/stale_element_reference.html
Build info: version: &apos;2.51.0&apos;, revision: &apos;1af067dbcaedd7d2ab9af5151fc471d363d97193&apos;, time: &apos;2016-02-05 11:20:57&apos;
System info: host: &apos;vijayapals-MacBook-Pro.local&apos;, ip: &apos;192.168.0.12&apos;, os.name: &apos;Mac OS X&apos;, os.arch: &apos;x86_64&apos;, os.version: &apos;10.11.6&apos;, java.version: &apos;1.8.0_60&apos;
Driver info: org.openqa.selenium.firefox.FirefoxDriver
Capabilities [{applicationCacheEnabled=true, rotatable=false, handlesAlerts=true, databaseEnabled=true, version=46.0.1, platform=MAC, nativeEvents=false, acceptSslCerts=true, webStorageEnabled=true, locationContextEnabled=true, browserName=firefox, takesScreenshot=true, javascriptEnabled=true, cssSelectorsEnabled=true}]
Session ID: b35b57f2-8710-4647-91e6-7f93b9d416b8" type="org.openqa.selenium.StaleElementReferenceException">org.openqa.selenium.StaleElementReferenceException: Element not found in the cache - perhaps the page has changed since it was looked up
Command duration or timeout: 10.21 seconds
For documentation on this error, please visit: http://seleniumhq.org/exceptions/stale_element_reference.html
Build info: version: &apos;2.51.0&apos;, revision: &apos;1af067dbcaedd7d2ab9af5151fc471d363d97193&apos;, time: &apos;2016-02-05 11:20:57&apos;
System info: host: &apos;vijayapals-MacBook-Pro.local&apos;, ip: &apos;192.168.0.12&apos;, os.name: &apos;Mac OS X&apos;, os.arch: &apos;x86_64&apos;, os.version: &apos;10.11.6&apos;, java.version: &apos;1.8.0_60&apos;
Driver info: org.openqa.selenium.firefox.FirefoxDriver
Capabilities [{applicationCacheEnabled=true, rotatable=false, handlesAlerts=true, databaseEnabled=true, version=46.0.1, platform=MAC, nativeEvents=false, acceptSslCerts=true, webStorageEnabled=true, locationContextEnabled=true, browserName=firefox, takesScreenshot=true, javascriptEnabled=true, cssSelectorsEnabled=true}]
Session ID: b35b57f2-8710-4647-91e6-7f93b9d416b8
	at sun.reflect.NativeConstructorAccessorImpl.newInstance0(Native Method)
	at sun.reflect.NativeConstructorAccessorImpl.newInstance(NativeConstructorAccessorImpl.java:62)
	at sun.reflect.DelegatingConstructorAccessorImpl.newInstance(DelegatingConstructorAccessorImpl.java:45)
	at java.lang.reflect.Constructor.newInstance(Constructor.java:422)
	at org.openqa.selenium.remote.ErrorHandler.createThrowable(ErrorHandler.java:206)
	at org.openqa.selenium.remote.ErrorHandler.throwIfResponseFailed(ErrorHandler.java:158)
	at org.openqa.selenium.remote.RemoteWebDriver.execute(RemoteWebDriver.java:678)
	at org.openqa.selenium.remote.RemoteWebElement.execute(RemoteWebElement.java:327)
	at org.openqa.selenium.remote.RemoteWebElement.click(RemoteWebElement.java:85)
	at sun.reflect.NativeMethodAccessorImpl.invoke0(Native Method)
	at sun.reflect.NativeMethodAccessorImpl.invoke(NativeMethodAccessorImpl.java:62)
	at sun.reflect.DelegatingMethodAccessorImpl.invoke(DelegatingMethodAccessorImpl.java:43)
	at java.lang.reflect.Method.invoke(Method.java:497)
	at org.openqa.selenium.support.pagefactory.internal.LocatingElementHandler.invoke(LocatingElementHandler.java:51)
	at com.sun.proxy.$Proxy14.click(Unknown Source)
	at hotel.booking.StepDefs.i_should_see_hotel_created_successfully(StepDefs.java:62)
	at ✽.Then I should see hotel &quot;Novotel&quot; created successfully(ManageHotelsBookings.feature:9)
Caused by: org.openqa.selenium.StaleElementReferenceException: Element not found in the cache - perhaps the page has changed since it was looked up
For documentation on this error, please visit: http://seleniumhq.org/exceptions/stale_element_reference.html
Build info: version: &apos;2.51.0&apos;, revision: &apos;1af067dbcaedd7d2ab9af5151fc471d363d97193&apos;, time: &apos;2016-02-05 11:20:57&apos;
System info: host: &apos;vijayapals-MacBook-Pro.local&apos;, ip: &apos;192.168.0.12&apos;, os.name: &apos;Mac OS X&apos;, os.arch: &apos;x86_64&apos;, os.version: &apos;10.11.6&apos;, java.version: &apos;1.8.0_60&apos;
Driver info: driver.version: unknown
	at &lt;anonymous class&gt;.fxdriver.cache.getElementAt(resource://fxdriver/modules/web-element-cache.js:9407)
	at &lt;anonymous class&gt;.Utils.getElementAt(file:///var/folders/yw/n4cpgnjn3vx6c3gqvb40nkq40000gn/T/anonymous2153249859534758121webdriver-profile/extensions/fxdriver@googlecode.com/components/command-processor.js:8992)
	at &lt;anonymous class&gt;.fxdriver.preconditions.visible(file:///var/folders/yw/n4cpgnjn3vx6c3gqvb40nkq40000gn/T/anonymous2153249859534758121webdriver-profile/extensions/fxdriver@googlecode.com/components/command-processor.js:10043)
	at &lt;anonymous class&gt;.DelayedCommand.prototype.checkPreconditions_(file:///var/folders/yw/n4cpgnjn3vx6c3gqvb40nkq40000gn/T/anonymous2153249859534758121webdriver-profile/extensions/fxdriver@googlecode.com/components/command-processor.js:12585)
	at &lt;anonymous class&gt;.DelayedCommand.prototype.executeInternal_/h(file:///var/folders/yw/n4cpgnjn3vx6c3gqvb40nkq40000gn/T/anonymous2153249859534758121webdriver-profile/extensions/fxdriver@googlecode.com/components/command-processor.js:12602)
	at &lt;anonymous class&gt;.fxdriver.Timer.prototype.setTimeout/&lt;.notify(file:///var/folders/yw/n4cpgnjn3vx6c3gqvb40nkq40000gn/T/anonymous2153249859534758121webdriver-profile/extensions/fxdriver@googlecode.com/components/command-processor.js:623)
</error>
  </testcase>
  <testcase classname="| Novotel | London | Mat | 01234567891 | novotel@london.com |" name="| Novotel | London | Mat | 01234567891 | novotel@london.com |" time="0.005">
    <error message="Element not found in the cache - perhaps the page has changed since it was looked up
Command duration or timeout: 10.21 seconds
For documentation on this error, please visit: http://seleniumhq.org/exceptions/stale_element_reference.html
Build info: version: &apos;2.51.0&apos;, revision: &apos;1af067dbcaedd7d2ab9af5151fc471d363d97193&apos;, time: &apos;2016-02-05 11:20:57&apos;
System info: host: &apos;vijayapals-MacBook-Pro.local&apos;, ip: &apos;192.168.0.12&apos;, os.name: &apos;Mac OS X&apos;, os.arch: &apos;x86_64&apos;, os.version: &apos;10.11.6&apos;, java.version: &apos;1.8.0_60&apos;
Driver info: org.openqa.selenium.firefox.FirefoxDriver
Capabilities [{applicationCacheEnabled=true, rotatable=false, handlesAlerts=true, databaseEnabled=true, version=46.0.1, platform=MAC, nativeEvents=false, acceptSslCerts=true, webStorageEnabled=true, locationContextEnabled=true, browserName=firefox, takesScreenshot=true, javascriptEnabled=true, cssSelectorsEnabled=true}]
Session ID: b35b57f2-8710-4647-91e6-7f93b9d416b8" type="org.openqa.selenium.StaleElementReferenceException">org.openqa.selenium.StaleElementReferenceException: Element not found in the cache - perhaps the page has changed since it was looked up
Command duration or timeout: 10.21 seconds
For documentation on this error, please visit: http://seleniumhq.org/exceptions/stale_element_reference.html
Build info: version: &apos;2.51.0&apos;, revision: &apos;1af067dbcaedd7d2ab9af5151fc471d363d97193&apos;, time: &apos;2016-02-05 11:20:57&apos;
System info: host: &apos;vijayapals-MacBook-Pro.local&apos;, ip: &apos;192.168.0.12&apos;, os.name: &apos;Mac OS X&apos;, os.arch: &apos;x86_64&apos;, os.version: &apos;10.11.6&apos;, java.version: &apos;1.8.0_60&apos;
Driver info: org.openqa.selenium.firefox.FirefoxDriver
Capabilities [{applicationCacheEnabled=true, rotatable=false, handlesAlerts=true, databaseEnabled=true, version=46.0.1, platform=MAC, nativeEvents=false, acceptSslCerts=true, webStorageEnabled=true, locationContextEnabled=true, browserName=firefox, takesScreenshot=true, javascriptEnabled=true, cssSelectorsEnabled=true}]
Session ID: b35b57f2-8710-4647-91e6-7f93b9d416b8
	at sun.reflect.NativeConstructorAccessorImpl.newInstance0(Native Method)
	at sun.reflect.NativeConstructorAccessorImpl.newInstance(NativeConstructorAccessorImpl.java:62)
	at sun.reflect.DelegatingConstructorAccessorImpl.newInstance(DelegatingConstructorAccessorImpl.java:45)
	at java.lang.reflect.Constructor.newInstance(Constructor.java:422)
	at org.openqa.selenium.remote.ErrorHandler.createThrowable(ErrorHandler.java:206)
	at org.openqa.selenium.remote.ErrorHandler.throwIfResponseFailed(ErrorHandler.java:158)
	at org.openqa.selenium.remote.RemoteWebDriver.execute(RemoteWebDriver.java:678)
	at org.openqa.selenium.remote.RemoteWebElement.execute(RemoteWebElement.java:327)
	at org.openqa.selenium.remote.RemoteWebElement.click(RemoteWebElement.java:85)
	at sun.reflect.NativeMethodAccessorImpl.invoke0(Native Method)
	at sun.reflect.NativeMethodAccessorImpl.invoke(NativeMethodAccessorImpl.java:62)
	at sun.reflect.DelegatingMethodAccessorImpl.invoke(DelegatingMethodAccessorImpl.java:43)
	at java.lang.reflect.Method.invoke(Method.java:497)
	at org.openqa.selenium.support.pagefactory.internal.LocatingElementHandler.invoke(LocatingElementHandler.java:51)
	at com.sun.proxy.$Proxy14.click(Unknown Source)
	at hotel.booking.StepDefs.i_should_see_hotel_created_successfully(StepDefs.java:62)
	at ✽.Then I should see hotel &quot;Novotel&quot; created successfully(ManageHotelsBookings.feature:9)
Caused by: org.openqa.selenium.StaleElementReferenceException: Element not found in the cache - perhaps the page has changed since it was looked up
For documentation on this error, please visit: http://seleniumhq.org/exceptions/stale_element_reference.html
Build info: version: &apos;2.51.0&apos;, revision: &apos;1af067dbcaedd7d2ab9af5151fc471d363d97193&apos;, time: &apos;2016-02-05 11:20:57&apos;
System info: host: &apos;vijayapals-MacBook-Pro.local&apos;, ip: &apos;192.168.0.12&apos;, os.name: &apos;Mac OS X&apos;, os.arch: &apos;x86_64&apos;, os.version: &apos;10.11.6&apos;, java.version: &apos;1.8.0_60&apos;
Driver info: driver.version: unknown
	at &lt;anonymous class&gt;.fxdriver.cache.getElementAt(resource://fxdriver/modules/web-element-cache.js:9407)
	at &lt;anonymous class&gt;.Utils.getElementAt(file:///var/folders/yw/n4cpgnjn3vx6c3gqvb40nkq40000gn/T/anonymous2153249859534758121webdriver-profile/extensions/fxdriver@googlecode.com/components/command-processor.js:8992)
	at &lt;anonymous class&gt;.fxdriver.preconditions.visible(file:///var/folders/yw/n4cpgnjn3vx6c3gqvb40nkq40000gn/T/anonymous2153249859534758121webdriver-profile/extensions/fxdriver@googlecode.com/components/command-processor.js:10043)
	at &lt;anonymous class&gt;.DelayedCommand.prototype.checkPreconditions_(file:///var/folders/yw/n4cpgnjn3vx6c3gqvb40nkq40000gn/T/anonymous2153249859534758121webdriver-profile/extensions/fxdriver@googlecode.com/components/command-processor.js:12585)
	at &lt;anonymous class&gt;.DelayedCommand.prototype.executeInternal_/h(file:///var/folders/yw/n4cpgnjn3vx6c3gqvb40nkq40000gn/T/anonymous2153249859534758121webdriver-profile/extensions/fxdriver@googlecode.com/components/command-processor.js:12602)
	at &lt;anonymous class&gt;.fxdriver.Timer.prototype.setTimeout/&lt;.notify(file:///var/folders/yw/n4cpgnjn3vx6c3gqvb40nkq40000gn/T/anonymous2153249859534758121webdriver-profile/extensions/fxdriver@googlecode.com/components/command-processor.js:623)
</error>
  </testcase>
  <testcase classname="| Novotel | London | Mat | 01234567891 | novotel@london.com |" name="Then I delete a hotel with name \&quot;Novotel\&quot;" time="0.005">
    <skipped/>
  </testcase>
  <testcase classname="Scenario: Delete a new hotel entry" name="Given that I am at \&quot;http:\/\/localhost:3003\/\&quot;" time="0"/>
  <testcase classname="Scenario: Delete a new hotel entry" name="And that I have logged in as an \&quot;admin\&quot; with password \&quot;password\&quot;" time="0"/>
  <testcase classname="Scenario: Delete a new hotel entry" name="Given I create a new hotel with \&quot;HolidayInn\&quot;\u002C\&quot;London\&quot;\u002C\&quot;Andy\&quot;\u002C\&quot;01234567892\&quot;\u002C\&quot;holidayinn@london.com\&quot;" time="0"/>
  <testcase classname="Scenario: Delete a new hotel entry" name="When I delete a hotel with name \&quot;HolidayInn\&quot;" time="0"/>
  <testcase classname="Scenario: Delete a new hotel entry" name="Then I should see hotel \&quot;HolidayInn\&quot; deleted successfully" time="0.001">
    <error message="Element not found in the cache - perhaps the page has changed since it was looked up
Command duration or timeout: 10.15 seconds
For documentation on this error, please visit: http://seleniumhq.org/exceptions/stale_element_reference.html
Build info: version: &apos;2.51.0&apos;, revision: &apos;1af067dbcaedd7d2ab9af5151fc471d363d97193&apos;, time: &apos;2016-02-05 11:20:57&apos;
System info: host: &apos;vijayapals-MacBook-Pro.local&apos;, ip: &apos;192.168.0.12&apos;, os.name: &apos;Mac OS X&apos;, os.arch: &apos;x86_64&apos;, os.version: &apos;10.11.6&apos;, java.version: &apos;1.8.0_60&apos;
Driver info: org.openqa.selenium.firefox.FirefoxDriver
Capabilities [{applicationCacheEnabled=true, rotatable=false, handlesAlerts=true, databaseEnabled=true, version=46.0.1, platform=MAC, nativeEvents=false, acceptSslCerts=true, webStorageEnabled=true, locationContextEnabled=true, browserName=firefox, takesScreenshot=true, javascriptEnabled=true, cssSelectorsEnabled=true}]
Session ID: c7fad8fe-d059-6c43-b451-4e4e087e9dfd" type="org.openqa.selenium.StaleElementReferenceException">org.openqa.selenium.StaleElementReferenceException: Element not found in the cache - perhaps the page has changed since it was looked up
Command duration or timeout: 10.15 seconds
For documentation on this error, please visit: http://seleniumhq.org/exceptions/stale_element_reference.html
Build info: version: &apos;2.51.0&apos;, revision: &apos;1af067dbcaedd7d2ab9af5151fc471d363d97193&apos;, time: &apos;2016-02-05 11:20:57&apos;
System info: host: &apos;vijayapals-MacBook-Pro.local&apos;, ip: &apos;192.168.0.12&apos;, os.name: &apos;Mac OS X&apos;, os.arch: &apos;x86_64&apos;, os.version: &apos;10.11.6&apos;, java.version: &apos;1.8.0_60&apos;
Driver info: org.openqa.selenium.firefox.FirefoxDriver
Capabilities [{applicationCacheEnabled=true, rotatable=false, handlesAlerts=true, databaseEnabled=true, version=46.0.1, platform=MAC, nativeEvents=false, acceptSslCerts=true, webStorageEnabled=true, locationContextEnabled=true, browserName=firefox, takesScreenshot=true, javascriptEnabled=true, cssSelectorsEnabled=true}]
Session ID: c7fad8fe-d059-6c43-b451-4e4e087e9dfd
	at sun.reflect.NativeConstructorAccessorImpl.newInstance0(Native Method)
	at sun.reflect.NativeConstructorAccessorImpl.newInstance(NativeConstructorAccessorImpl.java:62)
	at sun.reflect.DelegatingConstructorAccessorImpl.newInstance(DelegatingConstructorAccessorImpl.java:45)
	at java.lang.reflect.Constructor.newInstance(Constructor.java:422)
	at org.openqa.selenium.remote.ErrorHandler.createThrowable(ErrorHandler.java:206)
	at org.openqa.selenium.remote.ErrorHandler.throwIfResponseFailed(ErrorHandler.java:158)
	at org.openqa.selenium.remote.RemoteWebDriver.execute(RemoteWebDriver.java:678)
	at org.openqa.selenium.remote.RemoteWebElement.execute(RemoteWebElement.java:327)
	at org.openqa.selenium.remote.RemoteWebElement.sendKeys(RemoteWebElement.java:122)
	at sun.reflect.GeneratedMethodAccessor4.invoke(Unknown Source)
	at sun.reflect.DelegatingMethodAccessorImpl.invoke(DelegatingMethodAccessorImpl.java:43)
	at java.lang.reflect.Method.invoke(Method.java:497)
	at org.openqa.selenium.support.pagefactory.internal.LocatingElementHandler.invoke(LocatingElementHandler.java:51)
	at com.sun.proxy.$Proxy14.sendKeys(Unknown Source)
	at pageobjects.BasePage.getNumberOfSearchResults(BasePage.java:30)
	at hotel.booking.StepDefs.i_should_see_hotel_deleted_successfully(StepDefs.java:76)
	at ✽.Then I should see hotel &quot;HolidayInn&quot; deleted successfully(ManageHotelsBookings.feature:21)
Caused by: org.openqa.selenium.StaleElementReferenceException: Element not found in the cache - perhaps the page has changed since it was looked up
For documentation on this error, please visit: http://seleniumhq.org/exceptions/stale_element_reference.html
Build info: version: &apos;2.51.0&apos;, revision: &apos;1af067dbcaedd7d2ab9af5151fc471d363d97193&apos;, time: &apos;2016-02-05 11:20:57&apos;
System info: host: &apos;vijayapals-MacBook-Pro.local&apos;, ip: &apos;192.168.0.12&apos;, os.name: &apos;Mac OS X&apos;, os.arch: &apos;x86_64&apos;, os.version: &apos;10.11.6&apos;, java.version: &apos;1.8.0_60&apos;
Driver info: driver.version: unknown
	at &lt;anonymous class&gt;.fxdriver.cache.getElementAt(resource://fxdriver/modules/web-element-cache.js:9407)
	at &lt;anonymous class&gt;.Utils.getElementAt(file:///var/folders/yw/n4cpgnjn3vx6c3gqvb40nkq40000gn/T/anonymous7298595165024047642webdriver-profile/extensions/fxdriver@googlecode.com/components/command-processor.js:8992)
	at &lt;anonymous class&gt;.fxdriver.preconditions.visible(file:///var/folders/yw/n4cpgnjn3vx6c3gqvb40nkq40000gn/T/anonymous7298595165024047642webdriver-profile/extensions/fxdriver@googlecode.com/components/command-processor.js:10043)
	at &lt;anonymous class&gt;.DelayedCommand.prototype.checkPreconditions_(file:///var/folders/yw/n4cpgnjn3vx6c3gqvb40nkq40000gn/T/anonymous7298595165024047642webdriver-profile/extensions/fxdriver@googlecode.com/components/command-processor.js:12585)
	at &lt;anonymous class&gt;.DelayedCommand.prototype.executeInternal_/h(file:///var/folders/yw/n4cpgnjn3vx6c3gqvb40nkq40000gn/T/anonymous7298595165024047642webdriver-profile/extensions/fxdriver@googlecode.com/components/command-processor.js:12602)
	at &lt;anonymous class&gt;.fxdriver.Timer.prototype.setTimeout/&lt;.notify(file:///var/folders/yw/n4cpgnjn3vx6c3gqvb40nkq40000gn/T/anonymous7298595165024047642webdriver-profile/extensions/fxdriver@googlecode.com/components/command-processor.js:623)
</error>
  </testcase>
  <testcase classname="Scenario: Delete a new hotel entry" name="Scenario: Delete a new hotel entry" time="0.002">
    <error message="Element not found in the cache - perhaps the page has changed since it was looked up
Command duration or timeout: 10.15 seconds
For documentation on this error, please visit: http://seleniumhq.org/exceptions/stale_element_reference.html
Build info: version: &apos;2.51.0&apos;, revision: &apos;1af067dbcaedd7d2ab9af5151fc471d363d97193&apos;, time: &apos;2016-02-05 11:20:57&apos;
System info: host: &apos;vijayapals-MacBook-Pro.local&apos;, ip: &apos;192.168.0.12&apos;, os.name: &apos;Mac OS X&apos;, os.arch: &apos;x86_64&apos;, os.version: &apos;10.11.6&apos;, java.version: &apos;1.8.0_60&apos;
Driver info: org.openqa.selenium.firefox.FirefoxDriver
Capabilities [{applicationCacheEnabled=true, rotatable=false, handlesAlerts=true, databaseEnabled=true, version=46.0.1, platform=MAC, nativeEvents=false, acceptSslCerts=true, webStorageEnabled=true, locationContextEnabled=true, browserName=firefox, takesScreenshot=true, javascriptEnabled=true, cssSelectorsEnabled=true}]
Session ID: c7fad8fe-d059-6c43-b451-4e4e087e9dfd" type="org.openqa.selenium.StaleElementReferenceException">org.openqa.selenium.StaleElementReferenceException: Element not found in the cache - perhaps the page has changed since it was looked up
Command duration or timeout: 10.15 seconds
For documentation on this error, please visit: http://seleniumhq.org/exceptions/stale_element_reference.html
Build info: version: &apos;2.51.0&apos;, revision: &apos;1af067dbcaedd7d2ab9af5151fc471d363d97193&apos;, time: &apos;2016-02-05 11:20:57&apos;
System info: host: &apos;vijayapals-MacBook-Pro.local&apos;, ip: &apos;192.168.0.12&apos;, os.name: &apos;Mac OS X&apos;, os.arch: &apos;x86_64&apos;, os.version: &apos;10.11.6&apos;, java.version: &apos;1.8.0_60&apos;
Driver info: org.openqa.selenium.firefox.FirefoxDriver
Capabilities [{applicationCacheEnabled=true, rotatable=false, handlesAlerts=true, databaseEnabled=true, version=46.0.1, platform=MAC, nativeEvents=false, acceptSslCerts=true, webStorageEnabled=true, locationContextEnabled=true, browserName=firefox, takesScreenshot=true, javascriptEnabled=true, cssSelectorsEnabled=true}]
Session ID: c7fad8fe-d059-6c43-b451-4e4e087e9dfd
	at sun.reflect.NativeConstructorAccessorImpl.newInstance0(Native Method)
	at sun.reflect.NativeConstructorAccessorImpl.newInstance(NativeConstructorAccessorImpl.java:62)
	at sun.reflect.DelegatingConstructorAccessorImpl.newInstance(DelegatingConstructorAccessorImpl.java:45)
	at java.lang.reflect.Constructor.newInstance(Constructor.java:422)
	at org.openqa.selenium.remote.ErrorHandler.createThrowable(ErrorHandler.java:206)
	at org.openqa.selenium.remote.ErrorHandler.throwIfResponseFailed(ErrorHandler.java:158)
	at org.openqa.selenium.remote.RemoteWebDriver.execute(RemoteWebDriver.java:678)
	at org.openqa.selenium.remote.RemoteWebElement.execute(RemoteWebElement.java:327)
	at org.openqa.selenium.remote.RemoteWebElement.sendKeys(RemoteWebElement.java:122)
	at sun.reflect.GeneratedMethodAccessor4.invoke(Unknown Source)
	at sun.reflect.DelegatingMethodAccessorImpl.invoke(DelegatingMethodAccessorImpl.java:43)
	at java.lang.reflect.Method.invoke(Method.java:497)
	at org.openqa.selenium.support.pagefactory.internal.LocatingElementHandler.invoke(LocatingElementHandler.java:51)
	at com.sun.proxy.$Proxy14.sendKeys(Unknown Source)
	at pageobjects.BasePage.getNumberOfSearchResults(BasePage.java:30)
	at hotel.booking.StepDefs.i_should_see_hotel_deleted_successfully(StepDefs.java:76)
	at ✽.Then I should see hotel &quot;HolidayInn&quot; deleted successfully(ManageHotelsBookings.feature:21)
Caused by: org.openqa.selenium.StaleElementReferenceException: Element not found in the cache - perhaps the page has changed since it was looked up
For documentation on this error, please visit: http://seleniumhq.org/exceptions/stale_element_reference.html
Build info: version: &apos;2.51.0&apos;, revision: &apos;1af067dbcaedd7d2ab9af5151fc471d363d97193&apos;, time: &apos;2016-02-05 11:20:57&apos;
System info: host: &apos;vijayapals-MacBook-Pro.local&apos;, ip: &apos;192.168.0.12&apos;, os.name: &apos;Mac OS X&apos;, os.arch: &apos;x86_64&apos;, os.version: &apos;10.11.6&apos;, java.version: &apos;1.8.0_60&apos;
Driver info: driver.version: unknown
	at &lt;anonymous class&gt;.fxdriver.cache.getElementAt(resource://fxdriver/modules/web-element-cache.js:9407)
	at &lt;anonymous class&gt;.Utils.getElementAt(file:///var/folders/yw/n4cpgnjn3vx6c3gqvb40nkq40000gn/T/anonymous7298595165024047642webdriver-profile/extensions/fxdriver@googlecode.com/components/command-processor.js:8992)
	at &lt;anonymous class&gt;.fxdriver.preconditions.visible(file:///var/folders/yw/n4cpgnjn3vx6c3gqvb40nkq40000gn/T/anonymous7298595165024047642webdriver-profile/extensions/fxdriver@googlecode.com/components/command-processor.js:10043)
	at &lt;anonymous class&gt;.DelayedCommand.prototype.checkPreconditions_(file:///var/folders/yw/n4cpgnjn3vx6c3gqvb40nkq40000gn/T/anonymous7298595165024047642webdriver-profile/extensions/fxdriver@googlecode.com/components/command-processor.js:12585)
	at &lt;anonymous class&gt;.DelayedCommand.prototype.executeInternal_/h(file:///var/folders/yw/n4cpgnjn3vx6c3gqvb40nkq40000gn/T/anonymous7298595165024047642webdriver-profile/extensions/fxdriver@googlecode.com/components/command-processor.js:12602)
	at &lt;anonymous class&gt;.fxdriver.Timer.prototype.setTimeout/&lt;.notify(file:///var/folders/yw/n4cpgnjn3vx6c3gqvb40nkq40000gn/T/anonymous7298595165024047642webdriver-profile/extensions/fxdriver@googlecode.com/components/command-processor.js:623)
</error>
  </testcase>
</testsuite>