<?xml version="1.0" encoding="UTF-8" ?>
<testsuite tests="18" failures="0" name="hotel.booking.RunCukeTest" time="10.88" errors="6" skipped="9">
  <properties>
[...]
</properties>
  <testcase classname="| Ramada | London | Rob | 01234567890 | ramada@london.com |" name="Given that I am at \&quot;http:\/\/localhost:3003\/\&quot;" time="0.001"/>
  <testcase classname="| Ramada | London | Rob | 01234567890 | ramada@london.com |" name="And that I have logged in as an \&quot;admin\&quot; with password \&quot;password\&quot;" time="0.001">
    <error type="java.lang.NullPointerException">java.lang.NullPointerException
	at hotel.booking.StepDefs.loginAs(StepDefs.java:79)
	at hotel.booking.StepDefs.that_I_have_logged_in_as_an_with_password(StepDefs.java:49)
	at ✽.And that I have logged in as an &quot;admin&quot; with password &quot;password&quot;(ManageHotelsBookings.feature:5)
</error>
  </testcase>
  <testcase classname="| Ramada | London | Rob | 01234567890 | ramada@london.com |" name="| Ramada | London | Rob | 01234567890 | ramada@london.com |" time="0.002">
    <error type="java.lang.NullPointerException">java.lang.NullPointerException
	at hotel.booking.StepDefs.loginAs(StepDefs.java:79)
	at hotel.booking.StepDefs.that_I_have_logged_in_as_an_with_password(StepDefs.java:49)
	at ✽.And that I have logged in as an &quot;admin&quot; with password &quot;password&quot;(ManageHotelsBookings.feature:5)
</error>
  </testcase>
  <testcase classname="| Ramada | London | Rob | 01234567890 | ramada@london.com |" name="When I create a new hotel with \&quot;Ramada\&quot;\u002C\&quot;London\&quot;\u002C\&quot;Rob\&quot;\u002C\&quot;01234567890\&quot;\u002C\&quot;ramada@london.com\&quot;" time="0.006">
    <skipped/>
  </testcase>
  <testcase classname="| Ramada | London | Rob | 01234567890 | ramada@london.com |" name="Then I should see hotel \&quot;Ramada\&quot; created successfully" time="0.007">
    <skipped/>
  </testcase>
  <testcase classname="| Ramada | London | Rob | 01234567890 | ramada@london.com |" name="Then I delete a hotel with name \&quot;Ramada\&quot;" time="0.008">
    <skipped/>
  </testcase>
  <testcase classname="| Novotel | London | Mat | 01234567891 | novotel@london.com |" name="Given that I am at \&quot;http:\/\/localhost:3003\/\&quot;" time="0"/>
  <testcase classname="| Novotel | London | Mat | 01234567891 | novotel@london.com |" name="And that I have logged in as an \&quot;admin\&quot; with password \&quot;password\&quot;" time="0">
    <error type="java.lang.NullPointerException">java.lang.NullPointerException
	at hotel.booking.StepDefs.loginAs(StepDefs.java:79)
	at hotel.booking.StepDefs.that_I_have_logged_in_as_an_with_password(StepDefs.java:49)
	at ✽.And that I have logged in as an &quot;admin&quot; with password &quot;password&quot;(ManageHotelsBookings.feature:5)
</error>
  </testcase>
  <testcase classname="| Novotel | London | Mat | 01234567891 | novotel@london.com |" name="| Novotel | London | Mat | 01234567891 | novotel@london.com |" time="0">
    <error type="java.lang.NullPointerException">java.lang.NullPointerException
	at hotel.booking.StepDefs.loginAs(StepDefs.java:79)
	at hotel.booking.StepDefs.that_I_have_logged_in_as_an_with_password(StepDefs.java:49)
	at ✽.And that I have logged in as an &quot;admin&quot; with password &quot;password&quot;(ManageHotelsBookings.feature:5)
</error>
  </testcase>
  <testcase classname="| Novotel | London | Mat | 01234567891 | novotel@london.com |" name="When I create a new hotel with \&quot;Novotel\&quot;\u002C\&quot;London\&quot;\u002C\&quot;Mat\&quot;\u002C\&quot;01234567891\&quot;\u002C\&quot;novotel@london.com\&quot;" time="0.008">
    <skipped/>
  </testcase>
  <testcase classname="| Novotel | London | Mat | 01234567891 | novotel@london.com |" name="Then I should see hotel \&quot;Novotel\&quot; created successfully" time="0.011">
    <skipped/>
  </testcase>
  <testcase classname="| Novotel | London | Mat | 01234567891 | novotel@london.com |" name="Then I delete a hotel with name \&quot;Novotel\&quot;" time="0.012">
    <skipped/>
  </testcase>
  <testcase classname="Scenario: Delete a new hotel entry" name="Given that I am at \&quot;http:\/\/localhost:3003\/\&quot;" time="0"/>
  <testcase classname="Scenario: Delete a new hotel entry" name="And that I have logged in as an \&quot;admin\&quot; with password \&quot;password\&quot;" time="0">
    <error type="java.lang.NullPointerException">java.lang.NullPointerException
	at hotel.booking.StepDefs.loginAs(StepDefs.java:79)
	at hotel.booking.StepDefs.that_I_have_logged_in_as_an_with_password(StepDefs.java:49)
	at ✽.And that I have logged in as an &quot;admin&quot; with password &quot;password&quot;(ManageHotelsBookings.feature:5)
</error>
  </testcase>
  <testcase classname="Scenario: Delete a new hotel entry" name="Scenario: Delete a new hotel entry" time="0">
    <error type="java.lang.NullPointerException">java.lang.NullPointerException
	at hotel.booking.StepDefs.loginAs(StepDefs.java:79)
	at hotel.booking.StepDefs.that_I_have_logged_in_as_an_with_password(StepDefs.java:49)
	at ✽.And that I have logged in as an &quot;admin&quot; with password &quot;password&quot;(ManageHotelsBookings.feature:5)
</error>
  </testcase>
  <testcase classname="Scenario: Delete a new hotel entry" name="Given I create a new hotel with \&quot;HolidayInn\&quot;\u002C\&quot;London\&quot;\u002C\&quot;Andy\&quot;\u002C\&quot;01234567892\&quot;\u002C\&quot;holidayinn@london.com\&quot;" time="0.003">
    <skipped/>
  </testcase>
  <testcase classname="Scenario: Delete a new hotel entry" name="When I delete a hotel with name \&quot;HolidayInn\&quot;" time="0.004">
    <skipped/>
  </testcase>
  <testcase classname="Scenario: Delete a new hotel entry" name="Then I should see hotel \&quot;HolidayInn\&quot; deleted successfully" time="0.004">
    <skipped/>
  </testcase>
</testsuite>